C:\Program Files (x86)\Microsoft Visual Studio\2017\Community\Common7\IDE\VC\VCTargets\Microsoft.CppBuild.targets(391,5): warning MSB8028: The intermediate directory (C:\Users\ASUS\Desktop\textbook\420\hw2-starterCode\hw2-starterCode\\Bin\Debug\) contains files shared from another project (hw1.vcxproj).  This can lead to incorrect clean and rebuild behavior.
  hw2.cpp
c:\users\asus\desktop\textbook\420\hw2-startercode\hw2-startercode\hw2.cpp(99): warning C4305: 'initializing': truncation from 'double' to 'float'
c:\users\asus\desktop\textbook\420\hw2-startercode\hw2-startercode\hw2.cpp(465): warning C4305: 'argument': truncation from 'double' to 'float'
c:\users\asus\desktop\textbook\420\hw2-startercode\hw2-startercode\hw2.cpp(465): warning C4244: 'argument': conversion from 'double' to 'float', possible loss of data
c:\users\asus\desktop\textbook\420\hw2-startercode\hw2-startercode\hw2.cpp(599): warning C4018: '<': signed/unsigned mismatch
c:\users\asus\desktop\textbook\420\hw2-startercode\hw2-startercode\hw2.cpp(607): warning C4244: '=': conversion from 'double' to 'float', possible loss of data
c:\users\asus\desktop\textbook\420\hw2-startercode\hw2-startercode\hw2.cpp(608): warning C4244: '=': conversion from 'double' to 'float', possible loss of data
c:\users\asus\desktop\textbook\420\hw2-startercode\hw2-startercode\hw2.cpp(609): warning C4244: '=': conversion from 'double' to 'float', possible loss of data
c:\users\asus\desktop\textbook\420\hw2-startercode\hw2-startercode\hw2.cpp(692): warning C4305: 'initializing': truncation from 'double' to 'float'
c:\users\asus\desktop\textbook\420\hw2-startercode\hw2-startercode\hw2.cpp(700): warning C4244: '=': conversion from 'double' to 'float', possible loss of data
c:\users\asus\desktop\textbook\420\hw2-startercode\hw2-startercode\hw2.cpp(701): warning C4244: '=': conversion from 'double' to 'float', possible loss of data
c:\users\asus\desktop\textbook\420\hw2-startercode\hw2-startercode\hw2.cpp(702): warning C4244: '=': conversion from 'double' to 'float', possible loss of data
c:\users\asus\desktop\textbook\420\hw2-startercode\hw2-startercode\hw2.cpp(717): warning C4244: '=': conversion from 'double' to 'float', possible loss of data
c:\users\asus\desktop\textbook\420\hw2-startercode\hw2-startercode\hw2.cpp(718): warning C4244: '=': conversion from 'double' to 'float', possible loss of data
c:\users\asus\desktop\textbook\420\hw2-startercode\hw2-startercode\hw2.cpp(719): warning C4244: '=': conversion from 'double' to 'float', possible loss of data
c:\users\asus\desktop\textbook\420\hw2-startercode\hw2-startercode\hw2.cpp(765): warning C4305: 'initializing': truncation from 'double' to 'float'
c:\users\asus\desktop\textbook\420\hw2-startercode\hw2-startercode\hw2.cpp(765): warning C4244: '=': conversion from 'double' to 'float', possible loss of data
  jpeg.lib(jerror.obj) : MSIL .netmodule or module compiled with /GL found; restarting link with /LTCG; add /LTCG to the link command line to improve linker performance
LINK : warning LNK4075: ignoring '/INCREMENTAL' due to '/LTCG' specification
LINK : warning LNK4098: defaultlib 'MSVCRT' conflicts with use of other libs; use /NODEFAULTLIB:library
  Generating code
  Finished generating code
  hw1.vcxproj -> C:\Users\ASUS\Desktop\textbook\420\hw2-starterCode\hw2-starterCode\\Bin\Debug\hw2.exe
